<?xml version="1.0" encoding="utf-8"?>
<CoverageSession xmlns:xsd="http://www.w3.org/2001/XMLSchema" xmlns:xsi="http://www.w3.org/2001/XMLSchema-instance" Version="4.7.922.0">
  <Summary numSequencePoints="174" visitedSequencePoints="104" numBranchPoints="48" visitedBranchPoints="33" sequenceCoverage="59.77" branchCoverage="68.75" maxCyclomaticComplexity="9" minCyclomaticComplexity="0" maxCrapScore="90" minCrapScore="0" visitedClasses="11" numClasses="12" visitedMethods="12" numMethods="13" />
  <Modules>
    <Module hash="16-7B-AC-C0-7A-41-9C-21-8B-25-36-B2-DE-B1-DA-23-C4-D1-EF-69">
      <Summary numSequencePoints="21" visitedSequencePoints="21" numBranchPoints="5" visitedBranchPoints="5" sequenceCoverage="100" branchCoverage="100" maxCyclomaticComplexity="1" minCyclomaticComplexity="0" maxCrapScore="2" minCrapScore="0" visitedClasses="5" numClasses="5" visitedMethods="5" numMethods="5" />
      <ModulePath>C:\Users\Devendra Malve\source\repos\CsharpPracticeProgram\CsharpPracticeProgramTests\bin\Debug\fine-code-coverage\build-output\CsharpPracticeProgramTests.dll</ModulePath>
      <ModuleTime>2022-04-08T10:22:20.1841129Z</ModuleTime>
      <ModuleName>CsharpPracticeProgramTests</ModuleName>
      <Files>
        <File uid="1" fullPath="C:\Users\Devendra Malve\source\repos\CsharpPracticeProgram\CsharpPracticeProgramTests\AnagramTests.cs" />
        <File uid="2" fullPath="C:\Users\Devendra Malve\source\repos\CsharpPracticeProgram\CsharpPracticeProgramTests\CheckPrimeNumberTests.cs" />
        <File uid="4" fullPath="C:\Users\Devendra Malve\source\repos\CsharpPracticeProgram\CsharpPracticeProgramTests\StringReverseTests.cs" />
        <File uid="5" fullPath="C:\Users\Devendra Malve\source\repos\CsharpPracticeProgram\CsharpPracticeProgramTests\SumNumberTests.cs" />
        <File uid="6" fullPath="C:\Users\Devendra Malve\source\repos\CsharpPracticeProgram\CsharpPracticeProgramTests\TwoSumTests.cs" />
      </Files>
      <Classes>
        <Class>
          <Summary numSequencePoints="4" visitedSequencePoints="4" numBranchPoints="1" visitedBranchPoints="1" sequenceCoverage="100" branchCoverage="100" maxCyclomaticComplexity="1" minCyclomaticComplexity="1" maxCrapScore="2" minCrapScore="1" visitedClasses="1" numClasses="1" visitedMethods="1" numMethods="1" />
          <FullName>CsharpPracticeProgram.Tests.AnagramTests</FullName>
          <Methods>
            <Method visited="true" cyclomaticComplexity="1" nPathComplexity="0" sequenceCoverage="100" branchCoverage="100" crapScore="1" isConstructor="false" isStatic="false" isGetter="false" isSetter="false">
              <Summary numSequencePoints="4" visitedSequencePoints="4" numBranchPoints="1" visitedBranchPoints="1" sequenceCoverage="100" branchCoverage="100" maxCyclomaticComplexity="1" minCyclomaticComplexity="1" maxCrapScore="1" minCrapScore="1" visitedClasses="0" numClasses="0" visitedMethods="1" numMethods="1" />
              <MetadataToken>100663297</MetadataToken>
              <Name>System.Void CsharpPracticeProgram.Tests.AnagramTests::checkAnagramStringTest()</Name>
              <FileRef uid="1" />
              <SequencePoints>
                <SequencePoint vc="1" uspid="1" ordinal="0" offset="0" sl="17" sc="9" el="17" ec="10" bec="0" bev="0" fileid="1" />
                <SequencePoint vc="1" uspid="2" ordinal="1" offset="1" sl="18" sc="13" el="18" ec="50" bec="0" bev="0" fileid="1" />
                <SequencePoint vc="1" uspid="3" ordinal="2" offset="7" sl="20" sc="13" el="20" ec="73" bec="0" bev="0" fileid="1" />
                <SequencePoint vc="1" uspid="4" ordinal="3" offset="29" sl="21" sc="9" el="21" ec="10" bec="0" bev="0" fileid="1" />
              </SequencePoints>
              <BranchPoints />
              <MethodPoint xsi:type="SequencePoint" vc="1" uspid="1" ordinal="0" offset="0" sl="17" sc="9" el="17" ec="10" bec="0" bev="0" fileid="1" />
            </Method>
            <Method visited="false" cyclomaticComplexity="1" nPathComplexity="0" sequenceCoverage="0" branchCoverage="0" crapScore="2" isConstructor="true" isStatic="false" isGetter="false" isSetter="false">
              <Summary numSequencePoints="0" visitedSequencePoints="0" numBranchPoints="0" visitedBranchPoints="0" sequenceCoverage="0" branchCoverage="0" maxCyclomaticComplexity="1" minCyclomaticComplexity="1" maxCrapScore="2" minCrapScore="2" visitedClasses="0" numClasses="0" visitedMethods="0" numMethods="0" />
              <MetadataToken>100663298</MetadataToken>
              <Name>System.Void CsharpPracticeProgram.Tests.AnagramTests::.ctor()</Name>
              <SequencePoints />
              <BranchPoints />
              <MethodPoint vc="0" uspid="5" ordinal="0" offset="0" />
            </Method>
          </Methods>
        </Class>
        <Class>
          <Summary numSequencePoints="4" visitedSequencePoints="4" numBranchPoints="1" visitedBranchPoints="1" sequenceCoverage="100" branchCoverage="100" maxCyclomaticComplexity="1" minCyclomaticComplexity="1" maxCrapScore="2" minCrapScore="1" visitedClasses="1" numClasses="1" visitedMethods="1" numMethods="1" />
          <FullName>CsharpPracticeProgram.Tests.CheckPrimeNumberTests</FullName>
          <Methods>
            <Method visited="true" cyclomaticComplexity="1" nPathComplexity="0" sequenceCoverage="100" branchCoverage="100" crapScore="1" isConstructor="false" isStatic="false" isGetter="false" isSetter="false">
              <Summary numSequencePoints="4" visitedSequencePoints="4" numBranchPoints="1" visitedBranchPoints="1" sequenceCoverage="100" branchCoverage="100" maxCyclomaticComplexity="1" minCyclomaticComplexity="1" maxCrapScore="1" minCrapScore="1" visitedClasses="0" numClasses="0" visitedMethods="1" numMethods="1" />
              <MetadataToken>100663299</MetadataToken>
              <Name>System.Void CsharpPracticeProgram.Tests.CheckPrimeNumberTests::checkPrimeNumberTest()</Name>
              <FileRef uid="2" />
              <SequencePoints>
                <SequencePoint vc="1" uspid="6" ordinal="0" offset="0" sl="16" sc="9" el="16" ec="10" bec="0" bev="0" fileid="2" />
                <SequencePoint vc="1" uspid="7" ordinal="1" offset="1" sl="17" sc="13" el="17" ec="68" bec="0" bev="0" fileid="2" />
                <SequencePoint vc="1" uspid="8" ordinal="2" offset="7" sl="18" sc="13" el="18" ec="61" bec="0" bev="0" fileid="2" />
                <SequencePoint vc="1" uspid="9" ordinal="3" offset="20" sl="19" sc="9" el="19" ec="10" bec="0" bev="0" fileid="2" />
              </SequencePoints>
              <BranchPoints />
              <MethodPoint xsi:type="SequencePoint" vc="1" uspid="6" ordinal="0" offset="0" sl="16" sc="9" el="16" ec="10" bec="0" bev="0" fileid="2" />
            </Method>
            <Method visited="false" cyclomaticComplexity="1" nPathComplexity="0" sequenceCoverage="0" branchCoverage="0" crapScore="2" isConstructor="true" isStatic="false" isGetter="false" isSetter="false">
              <Summary numSequencePoints="0" visitedSequencePoints="0" numBranchPoints="0" visitedBranchPoints="0" sequenceCoverage="0" branchCoverage="0" maxCyclomaticComplexity="1" minCyclomaticComplexity="1" maxCrapScore="2" minCrapScore="2" visitedClasses="0" numClasses="0" visitedMethods="0" numMethods="0" />
              <MetadataToken>100663300</MetadataToken>
              <Name>System.Void CsharpPracticeProgram.Tests.CheckPrimeNumberTests::.ctor()</Name>
              <SequencePoints />
              <BranchPoints />
              <MethodPoint vc="0" uspid="10" ordinal="0" offset="0" />
            </Method>
          </Methods>
        </Class>
        <Class>
          <Summary numSequencePoints="0" visitedSequencePoints="0" numBranchPoints="0" visitedBranchPoints="0" sequenceCoverage="0" branchCoverage="0" maxCyclomaticComplexity="1" minCyclomaticComplexity="1" maxCrapScore="2" minCrapScore="2" visitedClasses="0" numClasses="0" visitedMethods="0" numMethods="0" />
          <FullName>CsharpPracticeProgram.Tests.FactorialTests</FullName>
          <Methods>
            <Method visited="false" cyclomaticComplexity="1" nPathComplexity="0" sequenceCoverage="0" branchCoverage="0" crapScore="2" isConstructor="true" isStatic="false" isGetter="false" isSetter="false">
              <Summary numSequencePoints="0" visitedSequencePoints="0" numBranchPoints="0" visitedBranchPoints="0" sequenceCoverage="0" branchCoverage="0" maxCyclomaticComplexity="1" minCyclomaticComplexity="1" maxCrapScore="2" minCrapScore="2" visitedClasses="0" numClasses="0" visitedMethods="0" numMethods="0" />
              <MetadataToken>100663302</MetadataToken>
              <Name>System.Void CsharpPracticeProgram.Tests.FactorialTests::.ctor()</Name>
              <SequencePoints />
              <BranchPoints />
              <MethodPoint vc="0" uspid="11" ordinal="0" offset="0" />
            </Method>
          </Methods>
        </Class>
        <Class>
          <Summary numSequencePoints="4" visitedSequencePoints="4" numBranchPoints="1" visitedBranchPoints="1" sequenceCoverage="100" branchCoverage="100" maxCyclomaticComplexity="1" minCyclomaticComplexity="1" maxCrapScore="2" minCrapScore="1" visitedClasses="1" numClasses="1" visitedMethods="1" numMethods="1" />
          <FullName>CsharpPracticeProgram.Tests.StringReverseTests</FullName>
          <Methods>
            <Method visited="true" cyclomaticComplexity="1" nPathComplexity="0" sequenceCoverage="100" branchCoverage="100" crapScore="1" isConstructor="false" isStatic="false" isGetter="false" isSetter="false">
              <Summary numSequencePoints="4" visitedSequencePoints="4" numBranchPoints="1" visitedBranchPoints="1" sequenceCoverage="100" branchCoverage="100" maxCyclomaticComplexity="1" minCyclomaticComplexity="1" maxCrapScore="1" minCrapScore="1" visitedClasses="0" numClasses="0" visitedMethods="1" numMethods="1" />
              <MetadataToken>100663303</MetadataToken>
              <Name>System.Void CsharpPracticeProgram.Tests.StringReverseTests::reverseStringTest()</Name>
              <FileRef uid="4" />
              <SequencePoints>
                <SequencePoint vc="1" uspid="12" ordinal="0" offset="0" sl="16" sc="9" el="16" ec="10" bec="0" bev="0" fileid="4" />
                <SequencePoint vc="1" uspid="13" ordinal="1" offset="1" sl="17" sc="13" el="17" ec="63" bec="0" bev="0" fileid="4" />
                <SequencePoint vc="1" uspid="14" ordinal="2" offset="7" sl="18" sc="13" el="18" ec="74" bec="0" bev="0" fileid="4" />
                <SequencePoint vc="1" uspid="15" ordinal="3" offset="29" sl="19" sc="9" el="19" ec="10" bec="0" bev="0" fileid="4" />
              </SequencePoints>
              <BranchPoints />
              <MethodPoint xsi:type="SequencePoint" vc="1" uspid="12" ordinal="0" offset="0" sl="16" sc="9" el="16" ec="10" bec="0" bev="0" fileid="4" />
            </Method>
            <Method visited="false" cyclomaticComplexity="1" nPathComplexity="0" sequenceCoverage="0" branchCoverage="0" crapScore="2" isConstructor="true" isStatic="false" isGetter="false" isSetter="false">
              <Summary numSequencePoints="0" visitedSequencePoints="0" numBranchPoints="0" visitedBranchPoints="0" sequenceCoverage="0" branchCoverage="0" maxCyclomaticComplexity="1" minCyclomaticComplexity="1" maxCrapScore="2" minCrapScore="2" visitedClasses="0" numClasses="0" visitedMethods="0" numMethods="0" />
              <MetadataToken>100663304</MetadataToken>
              <Name>System.Void CsharpPracticeProgram.Tests.StringReverseTests::.ctor()</Name>
              <SequencePoints />
              <BranchPoints />
              <MethodPoint vc="0" uspid="16" ordinal="0" offset="0" />
            </Method>
          </Methods>
        </Class>
        <Class>
          <Summary numSequencePoints="4" visitedSequencePoints="4" numBranchPoints="1" visitedBranchPoints="1" sequenceCoverage="100" branchCoverage="100" maxCyclomaticComplexity="1" minCyclomaticComplexity="1" maxCrapScore="2" minCrapScore="1" visitedClasses="1" numClasses="1" visitedMethods="1" numMethods="1" />
          <FullName>CsharpPracticeProgram.Tests.SumNumberTests</FullName>
          <Methods>
            <Method visited="true" cyclomaticComplexity="1" nPathComplexity="0" sequenceCoverage="100" branchCoverage="100" crapScore="1" isConstructor="false" isStatic="false" isGetter="false" isSetter="false">
              <Summary numSequencePoints="4" visitedSequencePoints="4" numBranchPoints="1" visitedBranchPoints="1" sequenceCoverage="100" branchCoverage="100" maxCyclomaticComplexity="1" minCyclomaticComplexity="1" maxCrapScore="1" minCrapScore="1" visitedClasses="0" numClasses="0" visitedMethods="1" numMethods="1" />
              <MetadataToken>100663305</MetadataToken>
              <Name>System.Void CsharpPracticeProgram.Tests.SumNumberTests::sumOfNumbersTest()</Name>
              <FileRef uid="5" />
              <SequencePoints>
                <SequencePoint vc="1" uspid="17" ordinal="0" offset="0" sl="16" sc="9" el="16" ec="10" bec="0" bev="0" fileid="5" />
                <SequencePoint vc="1" uspid="18" ordinal="1" offset="1" sl="17" sc="13" el="17" ec="50" bec="0" bev="0" fileid="5" />
                <SequencePoint vc="1" uspid="19" ordinal="2" offset="7" sl="18" sc="13" el="18" ec="60" bec="0" bev="0" fileid="5" />
                <SequencePoint vc="1" uspid="20" ordinal="3" offset="23" sl="19" sc="9" el="19" ec="10" bec="0" bev="0" fileid="5" />
              </SequencePoints>
              <BranchPoints />
              <MethodPoint xsi:type="SequencePoint" vc="1" uspid="17" ordinal="0" offset="0" sl="16" sc="9" el="16" ec="10" bec="0" bev="0" fileid="5" />
            </Method>
            <Method visited="false" cyclomaticComplexity="1" nPathComplexity="0" sequenceCoverage="0" branchCoverage="0" crapScore="2" isConstructor="true" isStatic="false" isGetter="false" isSetter="false">
              <Summary numSequencePoints="0" visitedSequencePoints="0" numBranchPoints="0" visitedBranchPoints="0" sequenceCoverage="0" branchCoverage="0" maxCyclomaticComplexity="1" minCyclomaticComplexity="1" maxCrapScore="2" minCrapScore="2" visitedClasses="0" numClasses="0" visitedMethods="0" numMethods="0" />
              <MetadataToken>100663306</MetadataToken>
              <Name>System.Void CsharpPracticeProgram.Tests.SumNumberTests::.ctor()</Name>
              <SequencePoints />
              <BranchPoints />
              <MethodPoint vc="0" uspid="21" ordinal="0" offset="0" />
            </Method>
          </Methods>
        </Class>
        <Class>
          <Summary numSequencePoints="5" visitedSequencePoints="5" numBranchPoints="1" visitedBranchPoints="1" sequenceCoverage="100" branchCoverage="100" maxCyclomaticComplexity="1" minCyclomaticComplexity="1" maxCrapScore="2" minCrapScore="1" visitedClasses="1" numClasses="1" visitedMethods="1" numMethods="1" />
          <FullName>CsharpPracticeProgram.Tests.TwoSumTests</FullName>
          <Methods>
            <Method visited="true" cyclomaticComplexity="1" nPathComplexity="0" sequenceCoverage="100" branchCoverage="100" crapScore="1" isConstructor="false" isStatic="false" isGetter="false" isSetter="false">
              <Summary numSequencePoints="5" visitedSequencePoints="5" numBranchPoints="1" visitedBranchPoints="1" sequenceCoverage="100" branchCoverage="100" maxCyclomaticComplexity="1" minCyclomaticComplexity="1" maxCrapScore="1" minCrapScore="1" visitedClasses="0" numClasses="0" visitedMethods="1" numMethods="1" />
              <MetadataToken>100663307</MetadataToken>
              <Name>System.Void CsharpPracticeProgram.Tests.TwoSumTests::twoSumProblemTest()</Name>
              <FileRef uid="6" />
              <SequencePoints>
                <SequencePoint vc="1" uspid="22" ordinal="0" offset="0" sl="16" sc="9" el="16" ec="10" bec="0" bev="0" fileid="6" />
                <SequencePoint vc="1" uspid="23" ordinal="1" offset="1" sl="17" sc="13" el="17" ec="42" bec="0" bev="0" fileid="6" />
                <SequencePoint vc="1" uspid="24" ordinal="2" offset="7" sl="18" sc="13" el="18" ec="54" bec="0" bev="0" fileid="6" />
                <SequencePoint vc="1" uspid="25" ordinal="3" offset="25" sl="19" sc="13" el="19" ec="56" bec="0" bev="0" fileid="6" />
                <SequencePoint vc="1" uspid="26" ordinal="4" offset="39" sl="20" sc="9" el="20" ec="10" bec="0" bev="0" fileid="6" />
              </SequencePoints>
              <BranchPoints />
              <MethodPoint xsi:type="SequencePoint" vc="1" uspid="22" ordinal="0" offset="0" sl="16" sc="9" el="16" ec="10" bec="0" bev="0" fileid="6" />
            </Method>
            <Method visited="false" cyclomaticComplexity="1" nPathComplexity="0" sequenceCoverage="0" branchCoverage="0" crapScore="2" isConstructor="true" isStatic="false" isGetter="false" isSetter="false">
              <Summary numSequencePoints="0" visitedSequencePoints="0" numBranchPoints="0" visitedBranchPoints="0" sequenceCoverage="0" branchCoverage="0" maxCyclomaticComplexity="1" minCyclomaticComplexity="1" maxCrapScore="2" minCrapScore="2" visitedClasses="0" numClasses="0" visitedMethods="0" numMethods="0" />
              <MetadataToken>100663308</MetadataToken>
              <Name>System.Void CsharpPracticeProgram.Tests.TwoSumTests::.ctor()</Name>
              <SequencePoints />
              <BranchPoints />
              <MethodPoint vc="0" uspid="27" ordinal="0" offset="0" />
            </Method>
          </Methods>
        </Class>
      </Classes>
    </Module>
    <Module hash="EE-8C-3A-16-2D-02-AE-38-62-D9-DC-8E-37-30-59-72-E8-06-9D-C0">
      <Summary numSequencePoints="153" visitedSequencePoints="83" numBranchPoints="43" visitedBranchPoints="28" sequenceCoverage="54.25" branchCoverage="65.12" maxCyclomaticComplexity="9" minCyclomaticComplexity="0" maxCrapScore="90" minCrapScore="0" visitedClasses="6" numClasses="7" visitedMethods="7" numMethods="8" />
      <ModulePath>C:\Users\Devendra Malve\source\repos\CsharpPracticeProgram\CsharpPracticeProgramTests\bin\Debug\fine-code-coverage\build-output\CsharpPracticeProgram.exe</ModulePath>
      <ModuleTime>2022-04-08T09:23:32.7834605Z</ModuleTime>
      <ModuleName>CsharpPracticeProgram</ModuleName>
      <Files>
        <File uid="13" fullPath="C:\Users\Devendra Malve\source\repos\CsharpPracticeProgram\CsharpPracticeProgram\Anagram.cs" />
        <File uid="14" fullPath="C:\Users\Devendra Malve\source\repos\CsharpPracticeProgram\CsharpPracticeProgram\CheckPrimeNumber.cs" />
        <File uid="15" fullPath="C:\Users\Devendra Malve\source\repos\CsharpPracticeProgram\CsharpPracticeProgram\Execution.cs" />
        <File uid="16" fullPath="C:\Users\Devendra Malve\source\repos\CsharpPracticeProgram\CsharpPracticeProgram\Factorial.cs" />
        <File uid="17" fullPath="C:\Users\Devendra Malve\source\repos\CsharpPracticeProgram\CsharpPracticeProgram\StringReverse.cs" />
        <File uid="18" fullPath="C:\Users\Devendra Malve\source\repos\CsharpPracticeProgram\CsharpPracticeProgram\SumNumber.cs" />
        <File uid="19" fullPath="C:\Users\Devendra Malve\source\repos\CsharpPracticeProgram\CsharpPracticeProgram\TwoSum.cs" />
      </Files>
      <Classes>
        <Class>
          <Summary numSequencePoints="18" visitedSequencePoints="14" numBranchPoints="7" visitedBranchPoints="5" sequenceCoverage="77.78" branchCoverage="71.43" maxCyclomaticComplexity="4" minCyclomaticComplexity="1" maxCrapScore="4.18" minCrapScore="2" visitedClasses="1" numClasses="1" visitedMethods="1" numMethods="1" />
          <FullName>CsharpPracticeProgram.Anagram</FullName>
          <Methods>
            <Method visited="true" cyclomaticComplexity="4" nPathComplexity="8" sequenceCoverage="77.78" branchCoverage="71.43" crapScore="4.18" isConstructor="false" isStatic="false" isGetter="false" isSetter="false">
              <Summary numSequencePoints="18" visitedSequencePoints="14" numBranchPoints="7" visitedBranchPoints="5" sequenceCoverage="77.78" branchCoverage="71.43" maxCyclomaticComplexity="4" minCyclomaticComplexity="4" maxCrapScore="4.18" minCrapScore="4.18" visitedClasses="0" numClasses="0" visitedMethods="1" numMethods="1" />
              <MetadataToken>100663297</MetadataToken>
              <Name>System.Boolean CsharpPracticeProgram.Anagram::checkAnagramString(System.String,System.String)</Name>
              <FileRef uid="13" />
              <SequencePoints>
                <SequencePoint vc="1" uspid="28" ordinal="0" offset="0" sl="12" sc="9" el="12" ec="10" bec="0" bev="0" fileid="13" />
                <SequencePoint vc="1" uspid="29" ordinal="1" offset="1" sl="13" sc="13" el="13" ec="55" bec="2" bev="1" fileid="13" />
                <SequencePoint vc="0" uspid="30" ordinal="2" offset="22" sl="14" sc="13" el="14" ec="14" bec="0" bev="0" fileid="13" />
                <SequencePoint vc="0" uspid="31" ordinal="3" offset="23" sl="15" sc="17" el="15" ec="30" bec="0" bev="0" fileid="13" />
                <SequencePoint vc="1" uspid="32" ordinal="4" offset="27" sl="17" sc="13" el="17" ec="72" bec="0" bev="0" fileid="13" />
                <SequencePoint vc="1" uspid="33" ordinal="5" offset="39" sl="18" sc="13" el="18" ec="74" bec="0" bev="0" fileid="13" />
                <SequencePoint vc="1" uspid="34" ordinal="6" offset="51" sl="19" sc="13" el="19" ec="41" bec="0" bev="0" fileid="13" />
                <SequencePoint vc="1" uspid="35" ordinal="7" offset="58" sl="20" sc="13" el="20" ec="42" bec="0" bev="0" fileid="13" />
                <SequencePoint vc="1" uspid="36" ordinal="8" offset="65" sl="21" sc="18" el="21" ec="27" bec="0" bev="0" fileid="13" />
                <SequencePoint vc="3" uspid="37" ordinal="9" offset="70" sl="22" sc="13" el="22" ec="14" bec="0" bev="0" fileid="13" />
                <SequencePoint vc="3" uspid="38" ordinal="10" offset="71" sl="23" sc="17" el="23" ec="85" bec="2" bev="1" fileid="13" />
                <SequencePoint vc="0" uspid="39" ordinal="11" offset="108" sl="24" sc="17" el="24" ec="18" bec="0" bev="0" fileid="13" />
                <SequencePoint vc="0" uspid="40" ordinal="12" offset="109" sl="25" sc="21" el="25" ec="34" bec="0" bev="0" fileid="13" />
                <SequencePoint vc="3" uspid="41" ordinal="13" offset="113" sl="27" sc="13" el="27" ec="14" bec="0" bev="0" fileid="13" />
                <SequencePoint vc="3" uspid="42" ordinal="14" offset="114" sl="21" sc="57" el="21" ec="60" bec="0" bev="0" fileid="13" />
                <SequencePoint vc="4" uspid="43" ordinal="15" offset="120" sl="21" sc="29" el="21" ec="55" bec="2" bev="2" fileid="13" />
                <SequencePoint vc="1" uspid="44" ordinal="16" offset="133" sl="28" sc="13" el="28" ec="25" bec="0" bev="0" fileid="13" />
                <SequencePoint vc="1" uspid="45" ordinal="17" offset="137" sl="29" sc="9" el="29" ec="10" bec="0" bev="0" fileid="13" />
              </SequencePoints>
              <BranchPoints>
                <BranchPoint vc="0" uspid="46" ordinal="0" offset="20" sl="13" path="0" offsetend="22" fileid="13" />
                <BranchPoint vc="1" uspid="47" ordinal="1" offset="20" sl="13" path="1" offsetend="27" fileid="13" />
                <BranchPoint vc="0" uspid="48" ordinal="2" offset="106" sl="23" path="0" offsetend="108" fileid="13" />
                <BranchPoint vc="3" uspid="49" ordinal="3" offset="106" sl="23" path="1" offsetend="113" fileid="13" />
                <BranchPoint vc="1" uspid="50" ordinal="4" offset="131" sl="21" path="0" offsetend="133" fileid="13" />
                <BranchPoint vc="3" uspid="51" ordinal="5" offset="131" sl="21" path="1" offsetend="70" fileid="13" />
              </BranchPoints>
              <MethodPoint xsi:type="SequencePoint" vc="1" uspid="28" ordinal="0" offset="0" sl="12" sc="9" el="12" ec="10" bec="0" bev="0" fileid="13" />
            </Method>
            <Method visited="false" cyclomaticComplexity="1" nPathComplexity="0" sequenceCoverage="0" branchCoverage="0" crapScore="2" isConstructor="true" isStatic="false" isGetter="false" isSetter="false">
              <Summary numSequencePoints="0" visitedSequencePoints="0" numBranchPoints="0" visitedBranchPoints="0" sequenceCoverage="0" branchCoverage="0" maxCyclomaticComplexity="1" minCyclomaticComplexity="1" maxCrapScore="2" minCrapScore="2" visitedClasses="0" numClasses="0" visitedMethods="0" numMethods="0" />
              <MetadataToken>100663298</MetadataToken>
              <Name>System.Void CsharpPracticeProgram.Anagram::.ctor()</Name>
              <SequencePoints />
              <BranchPoints />
              <MethodPoint vc="0" uspid="52" ordinal="0" offset="0" />
            </Method>
          </Methods>
        </Class>
        <Class>
          <Summary numSequencePoints="13" visitedSequencePoints="13" numBranchPoints="5" visitedBranchPoints="5" sequenceCoverage="100" branchCoverage="100" maxCyclomaticComplexity="3" minCyclomaticComplexity="1" maxCrapScore="3" minCrapScore="2" visitedClasses="1" numClasses="1" visitedMethods="1" numMethods="1" />
          <FullName>CsharpPracticeProgram.CheckPrimeNumber</FullName>
          <Methods>
            <Method visited="true" cyclomaticComplexity="3" nPathComplexity="4" sequenceCoverage="100" branchCoverage="100" crapScore="3" isConstructor="false" isStatic="false" isGetter="false" isSetter="false">
              <Summary numSequencePoints="13" visitedSequencePoints="13" numBranchPoints="5" visitedBranchPoints="5" sequenceCoverage="100" branchCoverage="100" maxCyclomaticComplexity="3" minCyclomaticComplexity="3" maxCrapScore="3" minCrapScore="3" visitedClasses="0" numClasses="0" visitedMethods="1" numMethods="1" />
              <MetadataToken>100663299</MetadataToken>
              <Name>System.Boolean CsharpPracticeProgram.CheckPrimeNumber::checkPrimeNumber(System.Int32)</Name>
              <FileRef uid="14" />
              <SequencePoints>
                <SequencePoint vc="1" uspid="53" ordinal="0" offset="0" sl="12" sc="9" el="12" ec="10" bec="0" bev="0" fileid="14" />
                <SequencePoint vc="1" uspid="54" ordinal="1" offset="1" sl="13" sc="13" el="13" ec="26" bec="0" bev="0" fileid="14" />
                <SequencePoint vc="1" uspid="55" ordinal="2" offset="3" sl="14" sc="17" el="14" ec="24" bec="0" bev="0" fileid="14" />
                <SequencePoint vc="4" uspid="56" ordinal="3" offset="7" sl="15" sc="13" el="15" ec="14" bec="0" bev="0" fileid="14" />
                <SequencePoint vc="4" uspid="57" ordinal="4" offset="8" sl="16" sc="17" el="16" ec="37" bec="2" bev="2" fileid="14" />
                <SequencePoint vc="1" uspid="58" ordinal="5" offset="18" sl="17" sc="17" el="17" ec="18" bec="0" bev="0" fileid="14" />
                <SequencePoint vc="1" uspid="59" ordinal="6" offset="19" sl="18" sc="21" el="18" ec="31" bec="0" bev="0" fileid="14" />
                <SequencePoint vc="1" uspid="60" ordinal="7" offset="23" sl="19" sc="17" el="19" ec="18" bec="0" bev="0" fileid="14" />
                <SequencePoint vc="4" uspid="61" ordinal="8" offset="24" sl="21" sc="13" el="21" ec="14" bec="0" bev="0" fileid="14" />
                <SequencePoint vc="4" uspid="62" ordinal="9" offset="25" sl="14" sc="37" el="14" ec="40" bec="0" bev="0" fileid="14" />
                <SequencePoint vc="5" uspid="63" ordinal="10" offset="29" sl="14" sc="26" el="14" ec="35" bec="2" bev="2" fileid="14" />
                <SequencePoint vc="1" uspid="64" ordinal="11" offset="40" sl="22" sc="13" el="22" ec="30" bec="0" bev="0" fileid="14" />
                <SequencePoint vc="1" uspid="65" ordinal="12" offset="48" sl="23" sc="9" el="23" ec="10" bec="0" bev="0" fileid="14" />
              </SequencePoints>
              <BranchPoints>
                <BranchPoint vc="1" uspid="66" ordinal="0" offset="16" sl="16" path="0" offsetend="18" fileid="14" />
                <BranchPoint vc="3" uspid="67" ordinal="1" offset="16" sl="16" path="1" offsetend="24" fileid="14" />
                <BranchPoint vc="1" uspid="68" ordinal="2" offset="38" sl="14" path="0" offsetend="40" fileid="14" />
                <BranchPoint vc="4" uspid="69" ordinal="3" offset="38" sl="14" path="1" offsetend="7" fileid="14" />
              </BranchPoints>
              <MethodPoint xsi:type="SequencePoint" vc="1" uspid="53" ordinal="0" offset="0" sl="12" sc="9" el="12" ec="10" bec="0" bev="0" fileid="14" />
            </Method>
            <Method visited="false" cyclomaticComplexity="1" nPathComplexity="0" sequenceCoverage="0" branchCoverage="0" crapScore="2" isConstructor="true" isStatic="false" isGetter="false" isSetter="false">
              <Summary numSequencePoints="0" visitedSequencePoints="0" numBranchPoints="0" visitedBranchPoints="0" sequenceCoverage="0" branchCoverage="0" maxCyclomaticComplexity="1" minCyclomaticComplexity="1" maxCrapScore="2" minCrapScore="2" visitedClasses="0" numClasses="0" visitedMethods="0" numMethods="0" />
              <MetadataToken>100663300</MetadataToken>
              <Name>System.Void CsharpPracticeProgram.CheckPrimeNumber::.ctor()</Name>
              <SequencePoints />
              <BranchPoints />
              <MethodPoint vc="0" uspid="70" ordinal="0" offset="0" />
            </Method>
          </Methods>
        </Class>
        <Class>
          <Summary numSequencePoints="61" visitedSequencePoints="0" numBranchPoints="12" visitedBranchPoints="0" sequenceCoverage="0" branchCoverage="0" maxCyclomaticComplexity="9" minCyclomaticComplexity="1" maxCrapScore="90" minCrapScore="2" visitedClasses="0" numClasses="1" visitedMethods="0" numMethods="1" />
          <FullName>CsharpPracticeProgram.Execution</FullName>
          <Methods>
            <Method visited="false" cyclomaticComplexity="9" nPathComplexity="28" sequenceCoverage="0" branchCoverage="0" crapScore="90" isConstructor="false" isStatic="true" isGetter="false" isSetter="false">
              <Summary numSequencePoints="61" visitedSequencePoints="0" numBranchPoints="12" visitedBranchPoints="0" sequenceCoverage="0" branchCoverage="0" maxCyclomaticComplexity="9" minCyclomaticComplexity="9" maxCrapScore="90" minCrapScore="90" visitedClasses="0" numClasses="0" visitedMethods="0" numMethods="1" />
              <MetadataToken>100663301</MetadataToken>
              <Name>System.Void CsharpPracticeProgram.Execution::Main()</Name>
              <FileRef uid="15" />
              <SequencePoints>
                <SequencePoint vc="0" uspid="71" ordinal="0" offset="0" sl="12" sc="9" el="12" ec="10" bec="0" bev="0" fileid="15" />
                <SequencePoint vc="0" uspid="72" ordinal="1" offset="1" sl="13" sc="13" el="13" ec="68" bec="0" bev="0" fileid="15" />
                <SequencePoint vc="0" uspid="73" ordinal="2" offset="12" sl="14" sc="13" el="14" ec="63" bec="0" bev="0" fileid="15" />
                <SequencePoint vc="0" uspid="74" ordinal="3" offset="23" sl="15" sc="13" el="15" ec="70" bec="0" bev="0" fileid="15" />
                <SequencePoint vc="0" uspid="75" ordinal="4" offset="34" sl="16" sc="13" el="16" ec="63" bec="0" bev="0" fileid="15" />
                <SequencePoint vc="0" uspid="76" ordinal="5" offset="45" sl="17" sc="13" el="17" ec="70" bec="0" bev="0" fileid="15" />
                <SequencePoint vc="0" uspid="77" ordinal="6" offset="56" sl="18" sc="13" el="18" ec="76" bec="0" bev="0" fileid="15" />
                <SequencePoint vc="0" uspid="78" ordinal="7" offset="67" sl="19" sc="13" el="19" ec="55" bec="0" bev="0" fileid="15" />
                <SequencePoint vc="0" uspid="79" ordinal="8" offset="78" sl="20" sc="13" el="20" ec="27" bec="7" bev="0" fileid="15" />
                <SequencePoint vc="0" uspid="80" ordinal="9" offset="119" sl="23" sc="21" el="23" ec="22" bec="0" bev="0" fileid="15" />
                <SequencePoint vc="0" uspid="81" ordinal="10" offset="120" sl="24" sc="25" el="24" ec="62" bec="0" bev="0" fileid="15" />
                <SequencePoint vc="0" uspid="82" ordinal="11" offset="126" sl="25" sc="25" el="25" ec="108" bec="0" bev="0" fileid="15" />
                <SequencePoint vc="0" uspid="83" ordinal="12" offset="137" sl="26" sc="25" el="26" ec="60" bec="0" bev="0" fileid="15" />
                <SequencePoint vc="0" uspid="84" ordinal="13" offset="144" sl="27" sc="25" el="27" ec="109" bec="0" bev="0" fileid="15" />
                <SequencePoint vc="0" uspid="85" ordinal="14" offset="155" sl="28" sc="25" el="28" ec="60" bec="0" bev="0" fileid="15" />
                <SequencePoint vc="0" uspid="86" ordinal="15" offset="162" sl="29" sc="25" el="29" ec="92" bec="0" bev="0" fileid="15" />
                <SequencePoint vc="0" uspid="87" ordinal="16" offset="178" sl="30" sc="25" el="30" ec="31" bec="0" bev="0" fileid="15" />
                <SequencePoint vc="0" uspid="88" ordinal="17" offset="183" sl="33" sc="21" el="33" ec="22" bec="0" bev="0" fileid="15" />
                <SequencePoint vc="0" uspid="89" ordinal="18" offset="184" sl="34" sc="25" el="34" ec="62" bec="0" bev="0" fileid="15" />
                <SequencePoint vc="0" uspid="90" ordinal="19" offset="191" sl="35" sc="25" el="35" ec="94" bec="0" bev="0" fileid="15" />
                <SequencePoint vc="0" uspid="91" ordinal="20" offset="202" sl="36" sc="25" el="36" ec="74" bec="0" bev="0" fileid="15" />
                <SequencePoint vc="0" uspid="92" ordinal="21" offset="214" sl="37" sc="25" el="37" ec="79" bec="0" bev="0" fileid="15" />
                <SequencePoint vc="0" uspid="93" ordinal="22" offset="229" sl="38" sc="25" el="38" ec="31" bec="0" bev="0" fileid="15" />
                <SequencePoint vc="0" uspid="94" ordinal="23" offset="234" sl="41" sc="21" el="41" ec="22" bec="0" bev="0" fileid="15" />
                <SequencePoint vc="0" uspid="95" ordinal="24" offset="235" sl="42" sc="25" el="42" ec="63" bec="0" bev="0" fileid="15" />
                <SequencePoint vc="0" uspid="96" ordinal="25" offset="242" sl="43" sc="25" el="43" ec="95" bec="0" bev="0" fileid="15" />
                <SequencePoint vc="0" uspid="97" ordinal="26" offset="253" sl="44" sc="25" el="44" ec="77" bec="0" bev="0" fileid="15" />
                <SequencePoint vc="0" uspid="98" ordinal="27" offset="265" sl="45" sc="25" el="45" ec="91" bec="0" bev="0" fileid="15" />
                <SequencePoint vc="0" uspid="99" ordinal="28" offset="280" sl="46" sc="25" el="46" ec="31" bec="0" bev="0" fileid="15" />
                <SequencePoint vc="0" uspid="100" ordinal="29" offset="285" sl="49" sc="21" el="49" ec="22" bec="0" bev="0" fileid="15" />
                <SequencePoint vc="0" uspid="101" ordinal="30" offset="286" sl="50" sc="25" el="50" ec="66" bec="0" bev="0" fileid="15" />
                <SequencePoint vc="0" uspid="102" ordinal="31" offset="305" sl="51" sc="25" el="51" ec="86" bec="0" bev="0" fileid="15" />
                <SequencePoint vc="0" uspid="103" ordinal="32" offset="316" sl="52" sc="25" el="52" ec="68" bec="0" bev="0" fileid="15" />
                <SequencePoint vc="0" uspid="104" ordinal="33" offset="328" sl="53" sc="25" el="53" ec="54" bec="0" bev="0" fileid="15" />
                <SequencePoint vc="0" uspid="105" ordinal="34" offset="335" sl="54" sc="25" el="54" ec="73" bec="0" bev="0" fileid="15" />
                <SequencePoint vc="0" uspid="106" ordinal="35" offset="348" sl="55" sc="25" el="55" ec="36" bec="2" bev="0" fileid="15" />
                <SequencePoint vc="0" uspid="107" ordinal="36" offset="356" sl="56" sc="29" el="56" ec="30" bec="0" bev="0" fileid="15" />
                <SequencePoint vc="0" uspid="108" ordinal="37" offset="357" sl="57" sc="29" el="57" ec="55" bec="0" bev="0" fileid="15" />
                <SequencePoint vc="0" uspid="109" ordinal="38" offset="368" sl="59" sc="29" el="59" ec="30" bec="0" bev="0" fileid="15" />
                <SequencePoint vc="0" uspid="110" ordinal="39" offset="371" sl="61" sc="29" el="61" ec="54" bec="0" bev="0" fileid="15" />
                <SequencePoint vc="0" uspid="111" ordinal="40" offset="382" sl="62" sc="25" el="62" ec="31" bec="0" bev="0" fileid="15" />
                <SequencePoint vc="0" uspid="112" ordinal="41" offset="384" sl="65" sc="21" el="65" ec="22" bec="0" bev="0" fileid="15" />
                <SequencePoint vc="0" uspid="113" ordinal="42" offset="385" sl="66" sc="25" el="66" ec="75" bec="0" bev="0" fileid="15" />
                <SequencePoint vc="0" uspid="114" ordinal="43" offset="392" sl="67" sc="25" el="67" ec="76" bec="0" bev="0" fileid="15" />
                <SequencePoint vc="0" uspid="115" ordinal="44" offset="403" sl="68" sc="25" el="68" ec="62" bec="0" bev="0" fileid="15" />
                <SequencePoint vc="0" uspid="116" ordinal="45" offset="410" sl="69" sc="25" el="69" ec="82" bec="0" bev="0" fileid="15" />
                <SequencePoint vc="0" uspid="117" ordinal="46" offset="421" sl="70" sc="25" el="70" ec="54" bec="0" bev="0" fileid="15" />
                <SequencePoint vc="0" uspid="118" ordinal="47" offset="429" sl="71" sc="25" el="71" ec="31" bec="0" bev="0" fileid="15" />
                <SequencePoint vc="0" uspid="119" ordinal="48" offset="431" sl="74" sc="21" el="74" ec="22" bec="0" bev="0" fileid="15" />
                <SequencePoint vc="0" uspid="120" ordinal="49" offset="432" sl="75" sc="25" el="75" ec="80" bec="0" bev="0" fileid="15" />
                <SequencePoint vc="0" uspid="121" ordinal="50" offset="439" sl="76" sc="25" el="76" ec="113" bec="0" bev="0" fileid="15" />
                <SequencePoint vc="0" uspid="122" ordinal="51" offset="450" sl="77" sc="25" el="77" ec="78" bec="0" bev="0" fileid="15" />
                <SequencePoint vc="0" uspid="123" ordinal="52" offset="462" sl="78" sc="25" el="78" ec="77" bec="2" bev="0" fileid="15" />
                <SequencePoint vc="0" uspid="124" ordinal="53" offset="477" sl="79" sc="29" el="79" ec="30" bec="0" bev="0" fileid="15" />
                <SequencePoint vc="0" uspid="125" ordinal="54" offset="478" sl="80" sc="29" el="80" ec="72" bec="0" bev="0" fileid="15" />
                <SequencePoint vc="0" uspid="126" ordinal="55" offset="489" sl="81" sc="29" el="81" ec="30" bec="0" bev="0" fileid="15" />
                <SequencePoint vc="0" uspid="127" ordinal="56" offset="492" sl="83" sc="29" el="83" ec="30" bec="0" bev="0" fileid="15" />
                <SequencePoint vc="0" uspid="128" ordinal="57" offset="493" sl="84" sc="29" el="84" ec="83" bec="0" bev="0" fileid="15" />
                <SequencePoint vc="0" uspid="129" ordinal="58" offset="504" sl="85" sc="29" el="85" ec="30" bec="0" bev="0" fileid="15" />
                <SequencePoint vc="0" uspid="130" ordinal="59" offset="505" sl="86" sc="25" el="86" ec="31" bec="0" bev="0" fileid="15" />
                <SequencePoint vc="0" uspid="131" ordinal="60" offset="507" sl="93" sc="9" el="93" ec="10" bec="0" bev="0" fileid="15" />
              </SequencePoints>
              <BranchPoints>
                <BranchPoint vc="0" uspid="132" ordinal="0" offset="85" sl="20" path="0" offsetchain="114" offsetend="507" fileid="15" />
                <BranchPoint vc="0" uspid="133" ordinal="1" offset="85" sl="20" path="1" offsetend="119" fileid="15" />
                <BranchPoint vc="0" uspid="134" ordinal="2" offset="85" sl="20" path="2" offsetend="183" fileid="15" />
                <BranchPoint vc="0" uspid="135" ordinal="3" offset="85" sl="20" path="3" offsetend="234" fileid="15" />
                <BranchPoint vc="0" uspid="136" ordinal="4" offset="85" sl="20" path="4" offsetend="285" fileid="15" />
                <BranchPoint vc="0" uspid="137" ordinal="5" offset="85" sl="20" path="5" offsetend="384" fileid="15" />
                <BranchPoint vc="0" uspid="138" ordinal="6" offset="85" sl="20" path="6" offsetend="431" fileid="15" />
                <BranchPoint vc="0" uspid="139" ordinal="7" offset="354" sl="55" path="0" offsetend="356" fileid="15" />
                <BranchPoint vc="0" uspid="140" ordinal="8" offset="354" sl="55" path="1" offsetend="371" fileid="15" />
                <BranchPoint vc="0" uspid="141" ordinal="9" offset="475" sl="78" path="0" offsetend="477" fileid="15" />
                <BranchPoint vc="0" uspid="142" ordinal="10" offset="475" sl="78" path="1" offsetend="492" fileid="15" />
              </BranchPoints>
              <MethodPoint xsi:type="SequencePoint" vc="0" uspid="71" ordinal="0" offset="0" sl="12" sc="9" el="12" ec="10" bec="0" bev="0" fileid="15" />
            </Method>
            <Method visited="false" cyclomaticComplexity="1" nPathComplexity="0" sequenceCoverage="0" branchCoverage="0" crapScore="2" isConstructor="true" isStatic="false" isGetter="false" isSetter="false">
              <Summary numSequencePoints="0" visitedSequencePoints="0" numBranchPoints="0" visitedBranchPoints="0" sequenceCoverage="0" branchCoverage="0" maxCyclomaticComplexity="1" minCyclomaticComplexity="1" maxCrapScore="2" minCrapScore="2" visitedClasses="0" numClasses="0" visitedMethods="0" numMethods="0" />
              <MetadataToken>100663302</MetadataToken>
              <Name>System.Void CsharpPracticeProgram.Execution::.ctor()</Name>
              <SequencePoints />
              <BranchPoints />
              <MethodPoint vc="0" uspid="143" ordinal="0" offset="0" />
            </Method>
          </Methods>
        </Class>
        <Class>
          <Summary numSequencePoints="17" visitedSequencePoints="12" numBranchPoints="5" visitedBranchPoints="4" sequenceCoverage="70.59" branchCoverage="80" maxCyclomaticComplexity="3" minCyclomaticComplexity="1" maxCrapScore="3.23" minCrapScore="2" visitedClasses="1" numClasses="1" visitedMethods="1" numMethods="1" />
          <FullName>CsharpPracticeProgram.Factorial</FullName>
          <Methods>
            <Method visited="true" cyclomaticComplexity="3" nPathComplexity="4" sequenceCoverage="70.59" branchCoverage="80" crapScore="3.23" isConstructor="false" isStatic="false" isGetter="false" isSetter="false">
              <Summary numSequencePoints="17" visitedSequencePoints="12" numBranchPoints="5" visitedBranchPoints="4" sequenceCoverage="70.59" branchCoverage="80" maxCyclomaticComplexity="3" minCyclomaticComplexity="3" maxCrapScore="3.23" minCrapScore="3.23" visitedClasses="0" numClasses="0" visitedMethods="1" numMethods="1" />
              <MetadataToken>100663303</MetadataToken>
              <Name>System.Int32 CsharpPracticeProgram.Factorial::findFactorialNumber(System.Int32)</Name>
              <FileRef uid="16" />
              <SequencePoints>
                <SequencePoint vc="1" uspid="144" ordinal="0" offset="0" sl="12" sc="9" el="12" ec="10" bec="0" bev="0" fileid="16" />
                <SequencePoint vc="1" uspid="145" ordinal="1" offset="1" sl="14" sc="13" el="14" ec="14" bec="0" bev="0" fileid="16" />
                <SequencePoint vc="1" uspid="146" ordinal="2" offset="2" sl="15" sc="17" el="15" ec="32" bec="2" bev="1" fileid="16" />
                <SequencePoint vc="0" uspid="147" ordinal="3" offset="10" sl="15" sc="32" el="15" ec="33" bec="0" bev="0" fileid="16" />
                <SequencePoint vc="0" uspid="148" ordinal="4" offset="11" sl="16" sc="21" el="16" ec="70" bec="0" bev="0" fileid="16" />
                <SequencePoint vc="1" uspid="149" ordinal="5" offset="22" sl="18" sc="24" el="18" ec="32" bec="0" bev="0" fileid="16" />
                <SequencePoint vc="1" uspid="150" ordinal="6" offset="24" sl="19" sc="22" el="19" ec="27" bec="0" bev="0" fileid="16" />
                <SequencePoint vc="5" uspid="151" ordinal="7" offset="28" sl="20" sc="17" el="20" ec="18" bec="0" bev="0" fileid="16" />
                <SequencePoint vc="5" uspid="152" ordinal="8" offset="29" sl="21" sc="21" el="21" ec="37" bec="0" bev="0" fileid="16" />
                <SequencePoint vc="5" uspid="153" ordinal="9" offset="33" sl="22" sc="17" el="22" ec="18" bec="0" bev="0" fileid="16" />
                <SequencePoint vc="5" uspid="154" ordinal="10" offset="34" sl="19" sc="42" el="19" ec="45" bec="0" bev="0" fileid="16" />
                <SequencePoint vc="6" uspid="155" ordinal="11" offset="38" sl="19" sc="29" el="19" ec="40" bec="2" bev="2" fileid="16" />
                <SequencePoint vc="1" uspid="156" ordinal="12" offset="49" sl="24" sc="17" el="24" ec="29" bec="0" bev="0" fileid="16" />
                <SequencePoint vc="0" uspid="157" ordinal="13" offset="54" sl="27" sc="13" el="27" ec="31" bec="0" bev="0" fileid="16" />
                <SequencePoint vc="0" uspid="158" ordinal="14" offset="56" sl="28" sc="13" el="28" ec="14" bec="0" bev="0" fileid="16" />
                <SequencePoint vc="0" uspid="159" ordinal="15" offset="57" sl="29" sc="17" el="29" ec="25" bec="0" bev="0" fileid="16" />
                <SequencePoint vc="1" uspid="160" ordinal="16" offset="60" sl="32" sc="9" el="32" ec="10" bec="0" bev="0" fileid="16" />
              </SequencePoints>
              <BranchPoints>
                <BranchPoint vc="0" uspid="161" ordinal="0" offset="8" sl="15" path="0" offsetend="10" fileid="16" />
                <BranchPoint vc="1" uspid="162" ordinal="1" offset="8" sl="15" path="1" offsetend="22" fileid="16" />
                <BranchPoint vc="1" uspid="163" ordinal="2" offset="47" sl="19" path="0" offsetend="49" fileid="16" />
                <BranchPoint vc="5" uspid="164" ordinal="3" offset="47" sl="19" path="1" offsetend="28" fileid="16" />
              </BranchPoints>
              <MethodPoint xsi:type="SequencePoint" vc="1" uspid="144" ordinal="0" offset="0" sl="12" sc="9" el="12" ec="10" bec="0" bev="0" fileid="16" />
            </Method>
            <Method visited="false" cyclomaticComplexity="1" nPathComplexity="0" sequenceCoverage="0" branchCoverage="0" crapScore="2" isConstructor="true" isStatic="false" isGetter="false" isSetter="false">
              <Summary numSequencePoints="0" visitedSequencePoints="0" numBranchPoints="0" visitedBranchPoints="0" sequenceCoverage="0" branchCoverage="0" maxCyclomaticComplexity="1" minCyclomaticComplexity="1" maxCrapScore="2" minCrapScore="2" visitedClasses="0" numClasses="0" visitedMethods="0" numMethods="0" />
              <MetadataToken>100663304</MetadataToken>
              <Name>System.Void CsharpPracticeProgram.Factorial::.ctor()</Name>
              <SequencePoints />
              <BranchPoints />
              <MethodPoint vc="0" uspid="165" ordinal="0" offset="0" />
            </Method>
          </Methods>
        </Class>
        <Class>
          <Summary numSequencePoints="14" visitedSequencePoints="14" numBranchPoints="3" visitedBranchPoints="3" sequenceCoverage="100" branchCoverage="100" maxCyclomaticComplexity="2" minCyclomaticComplexity="1" maxCrapScore="2" minCrapScore="2" visitedClasses="1" numClasses="1" visitedMethods="1" numMethods="1" />
          <FullName>CsharpPracticeProgram.StringReverse</FullName>
          <Methods>
            <Method visited="true" cyclomaticComplexity="2" nPathComplexity="2" sequenceCoverage="100" branchCoverage="100" crapScore="2" isConstructor="false" isStatic="false" isGetter="false" isSetter="false">
              <Summary numSequencePoints="14" visitedSequencePoints="14" numBranchPoints="3" visitedBranchPoints="3" sequenceCoverage="100" branchCoverage="100" maxCyclomaticComplexity="2" minCyclomaticComplexity="2" maxCrapScore="2" minCrapScore="2" visitedClasses="0" numClasses="0" visitedMethods="1" numMethods="1" />
              <MetadataToken>100663305</MetadataToken>
              <Name>System.String CsharpPracticeProgram.StringReverse::reverseString(System.String)</Name>
              <FileRef uid="17" />
              <SequencePoints>
                <SequencePoint vc="1" uspid="166" ordinal="0" offset="0" sl="12" sc="9" el="12" ec="10" bec="0" bev="0" fileid="17" />
                <SequencePoint vc="1" uspid="167" ordinal="1" offset="1" sl="13" sc="13" el="13" ec="52" bec="0" bev="0" fileid="17" />
                <SequencePoint vc="1" uspid="168" ordinal="2" offset="8" sl="14" sc="13" el="14" ec="20" bec="0" bev="0" fileid="17" />
                <SequencePoint vc="1" uspid="169" ordinal="3" offset="10" sl="14" sc="22" el="14" ec="38" bec="0" bev="0" fileid="17" />
                <SequencePoint vc="2" uspid="170" ordinal="4" offset="21" sl="16" sc="13" el="16" ec="14" bec="0" bev="0" fileid="17" />
                <SequencePoint vc="2" uspid="171" ordinal="5" offset="22" sl="18" sc="17" el="18" ec="37" bec="0" bev="0" fileid="17" />
                <SequencePoint vc="2" uspid="172" ordinal="6" offset="26" sl="19" sc="17" el="19" ec="45" bec="0" bev="0" fileid="17" />
                <SequencePoint vc="2" uspid="173" ordinal="7" offset="32" sl="20" sc="17" el="20" ec="37" bec="0" bev="0" fileid="17" />
                <SequencePoint vc="2" uspid="174" ordinal="8" offset="36" sl="21" sc="17" el="21" ec="21" bec="0" bev="0" fileid="17" />
                <SequencePoint vc="2" uspid="175" ordinal="9" offset="40" sl="22" sc="17" el="22" ec="21" bec="0" bev="0" fileid="17" />
                <SequencePoint vc="2" uspid="176" ordinal="10" offset="44" sl="25" sc="13" el="25" ec="14" bec="0" bev="0" fileid="17" />
                <SequencePoint vc="3" uspid="177" ordinal="11" offset="45" sl="15" sc="13" el="15" ec="26" bec="2" bev="2" fileid="17" />
                <SequencePoint vc="1" uspid="178" ordinal="12" offset="55" sl="26" sc="13" el="26" ec="42" bec="0" bev="0" fileid="17" />
                <SequencePoint vc="1" uspid="179" ordinal="13" offset="65" sl="27" sc="9" el="27" ec="10" bec="0" bev="0" fileid="17" />
              </SequencePoints>
              <BranchPoints>
                <BranchPoint vc="1" uspid="180" ordinal="0" offset="53" sl="15" path="0" offsetend="55" fileid="17" />
                <BranchPoint vc="2" uspid="181" ordinal="1" offset="53" sl="15" path="1" offsetend="21" fileid="17" />
              </BranchPoints>
              <MethodPoint xsi:type="SequencePoint" vc="1" uspid="166" ordinal="0" offset="0" sl="12" sc="9" el="12" ec="10" bec="0" bev="0" fileid="17" />
            </Method>
            <Method visited="false" cyclomaticComplexity="1" nPathComplexity="0" sequenceCoverage="0" branchCoverage="0" crapScore="2" isConstructor="true" isStatic="false" isGetter="false" isSetter="false">
              <Summary numSequencePoints="0" visitedSequencePoints="0" numBranchPoints="0" visitedBranchPoints="0" sequenceCoverage="0" branchCoverage="0" maxCyclomaticComplexity="1" minCyclomaticComplexity="1" maxCrapScore="2" minCrapScore="2" visitedClasses="0" numClasses="0" visitedMethods="0" numMethods="0" />
              <MetadataToken>100663306</MetadataToken>
              <Name>System.Void CsharpPracticeProgram.StringReverse::.ctor()</Name>
              <SequencePoints />
              <BranchPoints />
              <MethodPoint vc="0" uspid="182" ordinal="0" offset="0" />
            </Method>
          </Methods>
        </Class>
        <Class>
          <Summary numSequencePoints="10" visitedSequencePoints="10" numBranchPoints="4" visitedBranchPoints="4" sequenceCoverage="100" branchCoverage="100" maxCyclomaticComplexity="2" minCyclomaticComplexity="1" maxCrapScore="2" minCrapScore="1" visitedClasses="1" numClasses="1" visitedMethods="2" numMethods="2" />
          <FullName>CsharpPracticeProgram.SumNumber</FullName>
          <Methods>
            <Method visited="true" cyclomaticComplexity="2" nPathComplexity="2" sequenceCoverage="100" branchCoverage="100" crapScore="2" isConstructor="false" isStatic="false" isGetter="false" isSetter="false">
              <Summary numSequencePoints="9" visitedSequencePoints="9" numBranchPoints="3" visitedBranchPoints="3" sequenceCoverage="100" branchCoverage="100" maxCyclomaticComplexity="2" minCyclomaticComplexity="2" maxCrapScore="2" minCrapScore="2" visitedClasses="0" numClasses="0" visitedMethods="1" numMethods="1" />
              <MetadataToken>100663307</MetadataToken>
              <Name>System.Int32 CsharpPracticeProgram.SumNumber::sumOfNumbers(System.Int32)</Name>
              <FileRef uid="18" />
              <SequencePoints>
                <SequencePoint vc="1" uspid="183" ordinal="0" offset="0" sl="13" sc="9" el="13" ec="10" bec="0" bev="0" fileid="18" />
                <SequencePoint vc="1" uspid="184" ordinal="1" offset="1" sl="14" sc="18" el="14" ec="27" bec="0" bev="0" fileid="18" />
                <SequencePoint vc="10" uspid="185" ordinal="2" offset="5" sl="15" sc="13" el="15" ec="14" bec="0" bev="0" fileid="18" />
                <SequencePoint vc="10" uspid="186" ordinal="3" offset="6" sl="16" sc="17" el="16" ec="31" bec="0" bev="0" fileid="18" />
                <SequencePoint vc="10" uspid="187" ordinal="4" offset="20" sl="17" sc="13" el="17" ec="14" bec="0" bev="0" fileid="18" />
                <SequencePoint vc="10" uspid="188" ordinal="5" offset="21" sl="14" sc="42" el="14" ec="45" bec="0" bev="0" fileid="18" />
                <SequencePoint vc="11" uspid="189" ordinal="6" offset="25" sl="14" sc="29" el="14" ec="40" bec="2" bev="2" fileid="18" />
                <SequencePoint vc="1" uspid="190" ordinal="7" offset="36" sl="18" sc="13" el="18" ec="24" bec="0" bev="0" fileid="18" />
                <SequencePoint vc="1" uspid="191" ordinal="8" offset="45" sl="19" sc="9" el="19" ec="10" bec="0" bev="0" fileid="18" />
              </SequencePoints>
              <BranchPoints>
                <BranchPoint vc="1" uspid="192" ordinal="0" offset="34" sl="14" path="0" offsetend="36" fileid="18" />
                <BranchPoint vc="10" uspid="193" ordinal="1" offset="34" sl="14" path="1" offsetend="5" fileid="18" />
              </BranchPoints>
              <MethodPoint xsi:type="SequencePoint" vc="1" uspid="183" ordinal="0" offset="0" sl="13" sc="9" el="13" ec="10" bec="0" bev="0" fileid="18" />
            </Method>
            <Method visited="true" cyclomaticComplexity="1" nPathComplexity="0" sequenceCoverage="100" branchCoverage="100" crapScore="1" isConstructor="true" isStatic="false" isGetter="false" isSetter="false">
              <Summary numSequencePoints="1" visitedSequencePoints="1" numBranchPoints="1" visitedBranchPoints="1" sequenceCoverage="100" branchCoverage="100" maxCyclomaticComplexity="1" minCyclomaticComplexity="1" maxCrapScore="1" minCrapScore="1" visitedClasses="0" numClasses="0" visitedMethods="1" numMethods="1" />
              <MetadataToken>100663308</MetadataToken>
              <Name>System.Void CsharpPracticeProgram.SumNumber::.ctor()</Name>
              <FileRef uid="18" />
              <SequencePoints>
                <SequencePoint vc="1" uspid="194" ordinal="0" offset="0" sl="11" sc="9" el="11" ec="21" bec="0" bev="0" fileid="18" />
              </SequencePoints>
              <BranchPoints />
              <MethodPoint xsi:type="SequencePoint" vc="1" uspid="194" ordinal="0" offset="0" sl="11" sc="9" el="11" ec="21" bec="0" bev="0" fileid="18" />
            </Method>
          </Methods>
        </Class>
        <Class>
          <Summary numSequencePoints="20" visitedSequencePoints="20" numBranchPoints="7" visitedBranchPoints="7" sequenceCoverage="100" branchCoverage="100" maxCyclomaticComplexity="4" minCyclomaticComplexity="1" maxCrapScore="4" minCrapScore="2" visitedClasses="1" numClasses="1" visitedMethods="1" numMethods="1" />
          <FullName>CsharpPracticeProgram.TwoSum</FullName>
          <Methods>
            <Method visited="true" cyclomaticComplexity="4" nPathComplexity="8" sequenceCoverage="100" branchCoverage="100" crapScore="4" isConstructor="false" isStatic="false" isGetter="false" isSetter="false">
              <Summary numSequencePoints="20" visitedSequencePoints="20" numBranchPoints="7" visitedBranchPoints="7" sequenceCoverage="100" branchCoverage="100" maxCyclomaticComplexity="4" minCyclomaticComplexity="4" maxCrapScore="4" minCrapScore="4" visitedClasses="0" numClasses="0" visitedMethods="1" numMethods="1" />
              <MetadataToken>100663309</MetadataToken>
              <Name>System.Boolean CsharpPracticeProgram.TwoSum::twoSumProblem(System.Int32[],System.Int32)</Name>
              <FileRef uid="19" />
              <SequencePoints>
                <SequencePoint vc="1" uspid="195" ordinal="0" offset="0" sl="12" sc="9" el="12" ec="10" bec="0" bev="0" fileid="19" />
                <SequencePoint vc="1" uspid="196" ordinal="1" offset="1" sl="13" sc="20" el="13" ec="30" bec="0" bev="0" fileid="19" />
                <SequencePoint vc="1" uspid="197" ordinal="2" offset="3" sl="14" sc="13" el="14" ec="31" bec="0" bev="0" fileid="19" />
                <SequencePoint vc="1" uspid="198" ordinal="3" offset="5" sl="15" sc="18" el="15" ec="23" bec="0" bev="0" fileid="19" />
                <SequencePoint vc="8" uspid="199" ordinal="4" offset="9" sl="16" sc="13" el="16" ec="14" bec="0" bev="0" fileid="19" />
                <SequencePoint vc="8" uspid="200" ordinal="5" offset="10" sl="17" sc="22" el="17" ec="35" bec="0" bev="0" fileid="19" />
                <SequencePoint vc="27" uspid="201" ordinal="6" offset="16" sl="18" sc="17" el="18" ec="18" bec="0" bev="0" fileid="19" />
                <SequencePoint vc="27" uspid="202" ordinal="7" offset="17" sl="19" sc="21" el="19" ec="46" bec="0" bev="0" fileid="19" />
                <SequencePoint vc="27" uspid="203" ordinal="8" offset="25" sl="20" sc="21" el="20" ec="42" bec="2" bev="2" fileid="19" />
                <SequencePoint vc="1" uspid="204" ordinal="9" offset="35" sl="21" sc="21" el="21" ec="22" bec="0" bev="0" fileid="19" />
                <SequencePoint vc="1" uspid="205" ordinal="10" offset="36" sl="22" sc="25" el="22" ec="37" bec="0" bev="0" fileid="19" />
                <SequencePoint vc="1" uspid="206" ordinal="11" offset="38" sl="23" sc="25" el="23" ec="31" bec="0" bev="0" fileid="19" />
                <SequencePoint vc="26" uspid="207" ordinal="12" offset="40" sl="26" sc="17" el="26" ec="18" bec="0" bev="0" fileid="19" />
                <SequencePoint vc="26" uspid="208" ordinal="13" offset="41" sl="17" sc="53" el="17" ec="56" bec="0" bev="0" fileid="19" />
                <SequencePoint vc="34" uspid="209" ordinal="14" offset="45" sl="17" sc="37" el="17" ec="51" bec="2" bev="2" fileid="19" />
                <SequencePoint vc="8" uspid="210" ordinal="15" offset="57" sl="29" sc="13" el="29" ec="14" bec="0" bev="0" fileid="19" />
                <SequencePoint vc="8" uspid="211" ordinal="16" offset="58" sl="15" sc="41" el="15" ec="44" bec="0" bev="0" fileid="19" />
                <SequencePoint vc="9" uspid="212" ordinal="17" offset="62" sl="15" sc="25" el="15" ec="39" bec="2" bev="2" fileid="19" />
                <SequencePoint vc="1" uspid="213" ordinal="18" offset="74" sl="30" sc="13" el="30" ec="25" bec="0" bev="0" fileid="19" />
                <SequencePoint vc="1" uspid="214" ordinal="19" offset="79" sl="32" sc="9" el="32" ec="10" bec="0" bev="0" fileid="19" />
              </SequencePoints>
              <BranchPoints>
                <BranchPoint vc="1" uspid="215" ordinal="0" offset="33" sl="20" path="0" offsetend="35" fileid="19" />
                <BranchPoint vc="26" uspid="216" ordinal="1" offset="33" sl="20" path="1" offsetend="40" fileid="19" />
                <BranchPoint vc="7" uspid="217" ordinal="2" offset="55" sl="17" path="0" offsetend="57" fileid="19" />
                <BranchPoint vc="27" uspid="218" ordinal="3" offset="55" sl="17" path="1" offsetend="16" fileid="19" />
                <BranchPoint vc="1" uspid="219" ordinal="4" offset="72" sl="15" path="0" offsetend="74" fileid="19" />
                <BranchPoint vc="8" uspid="220" ordinal="5" offset="72" sl="15" path="1" offsetend="9" fileid="19" />
              </BranchPoints>
              <MethodPoint xsi:type="SequencePoint" vc="1" uspid="195" ordinal="0" offset="0" sl="12" sc="9" el="12" ec="10" bec="0" bev="0" fileid="19" />
            </Method>
            <Method visited="false" cyclomaticComplexity="1" nPathComplexity="0" sequenceCoverage="0" branchCoverage="0" crapScore="2" isConstructor="true" isStatic="false" isGetter="false" isSetter="false">
              <Summary numSequencePoints="0" visitedSequencePoints="0" numBranchPoints="0" visitedBranchPoints="0" sequenceCoverage="0" branchCoverage="0" maxCyclomaticComplexity="1" minCyclomaticComplexity="1" maxCrapScore="2" minCrapScore="2" visitedClasses="0" numClasses="0" visitedMethods="0" numMethods="0" />
              <MetadataToken>100663310</MetadataToken>
              <Name>System.Void CsharpPracticeProgram.TwoSum::.ctor()</Name>
              <SequencePoints />
              <BranchPoints />
              <MethodPoint vc="0" uspid="221" ordinal="0" offset="0" />
            </Method>
          </Methods>
        </Class>
      </Classes>
    </Module>
  </Modules>
</CoverageSession>